c:\users\lucero y alonso\desktop\todo\karnagaugh-grupo02-matematicadiscreta\grupo02_karnagaugh\grupo02_karnagaugh\x64\debug\vc142.pdb
c:\users\lucero y alonso\desktop\todo\karnagaugh-grupo02-matematicadiscreta\grupo02_karnagaugh\grupo02_karnagaugh\x64\debug\.netframework,version=v4.6.1.assemblyattributes.obj
c:\users\lucero y alonso\desktop\todo\karnagaugh-grupo02-matematicadiscreta\grupo02_karnagaugh\grupo02_karnagaugh\x64\debug\operacion4.obj
c:\users\lucero y alonso\desktop\todo\karnagaugh-grupo02-matematicadiscreta\grupo02_karnagaugh\grupo02_karnagaugh\x64\debug\operacion3.obj
c:\users\lucero y alonso\desktop\todo\karnagaugh-grupo02-matematicadiscreta\grupo02_karnagaugh\grupo02_karnagaugh\x64\debug\operacion.obj
c:\users\lucero y alonso\desktop\todo\karnagaugh-grupo02-matematicadiscreta\grupo02_karnagaugh\grupo02_karnagaugh\x64\debug\frmmain.obj
c:\users\lucero y alonso\desktop\todo\karnagaugh-grupo02-matematicadiscreta\grupo02_karnagaugh\grupo02_karnagaugh\x64\debug\grupo02karnagaugh.frmmain.resources
c:\users\lucero y alonso\desktop\todo\karnagaugh-grupo02-matematicadiscreta\grupo02_karnagaugh\grupo02_karnagaugh\x64\debug\grupo02karnagaugh.operacion.resources
c:\users\lucero y alonso\desktop\todo\karnagaugh-grupo02-matematicadiscreta\grupo02_karnagaugh\grupo02_karnagaugh\x64\debug\grupo02karnagaugh.operacion3.resources
c:\users\lucero y alonso\desktop\todo\karnagaugh-grupo02-matematicadiscreta\grupo02_karnagaugh\grupo02_karnagaugh\x64\debug\grupo02karnagaugh.operacion4.resources
c:\users\lucero y alonso\desktop\todo\karnagaugh-grupo02-matematicadiscreta\grupo02_karnagaugh\x64\debug\grupo02_karnagaugh.exe
c:\users\lucero y alonso\desktop\todo\karnagaugh-grupo02-matematicadiscreta\grupo02_karnagaugh\x64\debug\grupo02_karnagaugh.pdb
c:\users\lucero y alonso\desktop\todo\karnagaugh-grupo02-matematicadiscreta\grupo02_karnagaugh\grupo02_karnagaugh\x64\debug\grupo02_.b27e0491.tlog\cl.command.1.tlog
c:\users\lucero y alonso\desktop\todo\karnagaugh-grupo02-matematicadiscreta\grupo02_karnagaugh\grupo02_karnagaugh\x64\debug\grupo02_.b27e0491.tlog\cl.read.1.tlog
c:\users\lucero y alonso\desktop\todo\karnagaugh-grupo02-matematicadiscreta\grupo02_karnagaugh\grupo02_karnagaugh\x64\debug\grupo02_.b27e0491.tlog\cl.write.1.tlog
c:\users\lucero y alonso\desktop\todo\karnagaugh-grupo02-matematicadiscreta\grupo02_karnagaugh\grupo02_karnagaugh\x64\debug\grupo02_.b27e0491.tlog\grupo02_karnagaugh.write.1u.tlog
c:\users\lucero y alonso\desktop\todo\karnagaugh-grupo02-matematicadiscreta\grupo02_karnagaugh\grupo02_karnagaugh\x64\debug\grupo02_.b27e0491.tlog\link.command.1.tlog
c:\users\lucero y alonso\desktop\todo\karnagaugh-grupo02-matematicadiscreta\grupo02_karnagaugh\grupo02_karnagaugh\x64\debug\grupo02_.b27e0491.tlog\link.read.1.tlog
c:\users\lucero y alonso\desktop\todo\karnagaugh-grupo02-matematicadiscreta\grupo02_karnagaugh\grupo02_karnagaugh\x64\debug\grupo02_.b27e0491.tlog\link.write.1.tlog
c:\users\lucero y alonso\desktop\todo\karnagaugh-grupo02-matematicadiscreta\grupo02_karnagaugh\grupo02_karnagaugh\x64\debug\grupo02_.b27e0491.tlog\metagen.read.1.tlog
c:\users\lucero y alonso\desktop\todo\karnagaugh-grupo02-matematicadiscreta\grupo02_karnagaugh\grupo02_karnagaugh\x64\debug\grupo02_.b27e0491.tlog\metagen.write.1.tlog
